Total number of employees:
 total_employees 
-----------------
              53
(1 row)

Names of employees in 'Sales':
 first_name | last_name 
------------+-----------
 Samuel     | Gonzalez
 Eleanor    | Carter
 Jacob      | Mitchell
 Michael    | Perez
 Scarlett   | Turner
 Benjamin   | Phillips
 Madison    | Campbell
 Daniel     | Stewart
(8 rows)

Highest and lowest salaries per department:
 department_name  | highest_salary | lowest_salary 
------------------+----------------+---------------
 Marketing        |       91000.00 |      78000.00
 Operations       |      131000.00 |     121000.00
 Legal            |      143000.00 |      91000.00
 Finance          |       76000.00 |      62000.00
 Customer Support |      119000.00 |     109000.00
 Sales            |      107000.00 |      93000.00
 IT               |       94000.00 |      67000.00
 HR               |       60000.00 |      50000.00
(8 rows)

